*********
* smaug *
*********

var type          size   value  start addr      end addr
--- ------------  ----  ------  --------------  --------------
 A  int              4     -12  0x7ffcd1af6dc8  0x7ffcd1af6dcb  
 B  short            2     -59  0x7ffcd1af6dd8  0x7ffcd1af6dd9
 C  long             8      47  0x7ffcd1af6db8  0x7ffcd1af6dbf
 D  float            4  -18.75  0x7ffcd1af6dcc  0x7ffcd1af6dcf
 E  double           8  -15.25  0x7ffcd1af6dc0  0x7ffcd1af6dc7
 F  char             1       A  0x7ffcd1af6dde  0x7ffcd1af6dde
 G  char             1       B  0x7ffcd1af6ddf  0x7ffcd1af6ddf
 H  short array[5]  10          0x7ffcd1af6da0  0x7ffcd1af6da9
       H[0]          2      10  0x7ffcd1af6da0  0x7ffcd1af6da1
       H[1]          2      20  0x7ffcd1af6da2  0x7ffcd1af6da3
       H[2]          2      30  0x7ffcd1af6da4  0x7ffcd1af6da5
       H[3]          2      40  0x7ffcd1af6da6  0x7ffcd1af6da7
       H[4]          2      50  0x7ffcd1af6da8  0x7ffcd1af6da9
 I  struct          12          0x7ffcd1af6d90  0x7ffcd1af6d9b
     I.A (int)       4      27  0x7ffcd1af6d90  0x7ffcd1af6d93
     I.B (char)      1       C  0x7ffcd1af6d94  0x7ffcd1af6d94
     I.C (short)     2     -18  0x7ffcd1af6d96  0x7ffcd1af6d97
     I.D (float)     4  13.625  0x7ffcd1af6d98  0x7ffcd1af6d9b
 J  int              4     -74  0x7ffcd1af6dd0  0x7ffcd1af6dd3
 K  float            4 -51.125  0x7ffcd1af6dd4  0x7ffcd1af6dd7
 L  short            2     -61  0x7ffcd1af6dda  0x7ffcd1af6ddb
 M  short            2     -59  0x7ffcd1af6ddc  0x7ffcd1af6ddd

func
var type          size   value  start addr      end addr
--- ------------  ----  ------  --------------  --------------
 a  int              4       1  0x7ffcd1af6d30  0x7ffcd1af6d33  
 b  int              4       2  0x7ffcd1af6d34  0x7ffcd1af6d37  
 c  int              4       3  0x7ffcd1af6d38  0x7ffcd1af6d3b  
 d  int              4       4  0x7ffcd1af6d3c  0x7ffcd1af6d3f  
 x  int              4     -12  0x7ffcd1af6d2c  0x7ffcd1af6d2f  
 y  int              4     -74  0x7ffcd1af6dd0  0x7ffcd1af6dd3  

Memory Contents
addresses         0  1  2  3  4  5  6  7  8  9  A  B  C  D  E  F
--------------   -- -- -- -- -- -- -- -- -- -- -- -- -- -- -- --
0x7ffcd1af6d20   d0 6d af d1 fc 7f 00 00 45 2e b8 9d f4 ff ff ff

0x7ffcd1af6d30   01 00 00 00 02 00 00 00 03 00 00 00 04 00 00 00

0x7ffcd1af6d40   dd 6d af d1 fc 7f 00 00 c5 ff ff ff 00 00 00 00

0x7ffcd1af6d50   08 00 00 00 00 00 00 00 03 00 00 00 00 00 00 00

0x7ffcd1af6d60   00 6e af d1 fc 7f 00 00 06 1f 40 00 00 00 00 00

0x7ffcd1af6d70   c0 31 60 00 00 00 00 00 a8 48 b4 9d 00 80 4c c2

0x7ffcd1af6d80   00 00 00 00 00 80 2e c0 00 00 5a 41 00 00 96 c1

0x7ffcd1af6d90   1b 00 00 00 43 00 ee ff 00 00 5a 41 00 00 00 00

0x7ffcd1af6da0   0a 00 14 00 1e 00 28 00 32 00 00 00 01 00 00 00

0x7ffcd1af6db0   c0 6d af d1 fc 7f 00 00 2f 00 00 00 00 00 00 00

0x7ffcd1af6dc0   00 00 00 00 00 80 2e c0 f4 ff ff ff 00 00 96 c1

0x7ffcd1af6dd0   b6 ff ff ff 00 80 4c c2 c5 ff c3 ff c5 ff 41 42

